<?xml version="1.0" encoding="UTF-8"?>
<!-- Generated by org.testng.reporters.JUnitReportReporter -->
<testsuite hostname="09185379-Akshay" failures="0" tests="4" name="amazonLoginPageObject.BrowserTest" time="0.004" errors="0" timestamp="2021-08-16T21:29:11 NZST" skipped="0">
  <testcase classname="amazonLoginPageObject.BrowserTest" name="secondTest" time="0.001"/>
  <system-out/>
  <testcase classname="amazonLoginPageObject.BrowserTest" name="firstTest" time="0.001"/>
  <system-out/>
  <testcase classname="amazonLoginPageObject.BrowserTest" name="thirdTest" time="0.001"/>
  <system-out/>
  <testcase classname="amazonLoginPageObject.BrowserTest" name="fourthTest" time="0.001"/>
  <system-out/>
</testsuite> <!-- amazonLoginPageObject.BrowserTest -->
