<?xml version="1.0" encoding="UTF-8"?>
<!-- Generated by org.testng.reporters.JUnitReportReporter -->
<testsuite hostname="09185379-Akshay" failures="0" tests="1" name="amazon.air" time="96.503" errors="0" timestamp="2021-08-20T00:08:34 NZST" skipped="0">
  <testcase classname="amazon.air" name="air_bnb" time="96.503"/>
  <system-out/>
</testsuite> <!-- amazon.air -->
