<?xml version="1.0" encoding="UTF-8"?>
<!-- Generated by org.testng.reporters.JUnitReportReporter -->
<testsuite hostname="09185379-Akshay" failures="0" tests="1" name="amazon.HomePage" time="25.211" errors="0" timestamp="2021-08-19T10:05:15 NZST" skipped="0">
  <testcase classname="amazon.HomePage" name="Login_Action" time="25.211"/>
  <system-out/>
</testsuite> <!-- amazon.HomePage -->
