<?xml version="1.0" encoding="UTF-8"?>
<!-- Generated by org.testng.reporters.JUnitReportReporter -->
<testsuite hostname="09185379-Akshay" failures="0" tests="3" name="amazonLoginPageObject.broserTest" time="0.008" errors="0" timestamp="2021-08-16T21:29:11 NZST" skipped="0">
  <testcase classname="amazonLoginPageObject.broserTest" name="firstTest" time="0.006"/>
  <system-out/>
  <testcase classname="amazonLoginPageObject.broserTest" name="thirdTest" time="0.001"/>
  <system-out/>
  <testcase classname="amazonLoginPageObject.broserTest" name="secondTest" time="0.001"/>
  <system-out/>
</testsuite> <!-- amazonLoginPageObject.broserTest -->
