<?xml version="1.0" encoding="UTF-8"?>
<!-- Generated by org.testng.reporters.JUnitReportReporter -->
<testsuite hostname="09185379-Akshay" failures="0" tests="4" name="testsel.BrowserTest" time="0.003" errors="0" timestamp="2021-08-16T19:27:59 NZST" skipped="0">
  <testcase classname="testsel.BrowserTest" name="thirdTest" time="0.001"/>
  <system-out/>
  <testcase classname="testsel.BrowserTest" name="fourthTest" time="0.000"/>
  <system-out/>
  <testcase classname="testsel.BrowserTest" name="firstTest" time="0.001"/>
  <system-out/>
  <testcase classname="testsel.BrowserTest" name="secondTest" time="0.001"/>
  <system-out/>
</testsuite> <!-- testsel.BrowserTest -->
