<?xml version="1.0" encoding="UTF-8"?>
<!-- Generated by org.testng.reporters.JUnitReportReporter -->
<testsuite hostname="09185379-Akshay" failures="0" tests="1" name="amazonLoginPageObject.LoginPage" time="2.288" errors="0" timestamp="2021-08-16T23:10:18 NZST" skipped="0">
  <testcase classname="amazonLoginPageObject.LoginPage" name="Login_Action" time="2.288"/>
  <system-out/>
</testsuite> <!-- amazonLoginPageObject.LoginPage -->
